<?xml version="1.0" encoding="UTF-8" ?>
<testsuite tests="30" failures="0" name="edu.uprm.cse.datastructures.cardealer.APITest" time="4.518" errors="0" skipped="0">
  <properties>
[...]
</properties>
  <testcase classname="edu.uprm.cse.datastructures.cardealer.APITest" name="test1Create1" time="1.572"/>
  <testcase classname="edu.uprm.cse.datastructures.cardealer.APITest" name="test1Get" time="0.187"/>
  <testcase classname="edu.uprm.cse.datastructures.cardealer.APITest" name="test1Create2" time="0.115"/>
  <testcase classname="edu.uprm.cse.datastructures.cardealer.APITest" name="test1Get2" time="0.101"/>
  <testcase classname="edu.uprm.cse.datastructures.cardealer.APITest" name="test1GetAll" time="0.123"/>
  <testcase classname="edu.uprm.cse.datastructures.cardealer.APITest" name="test1Create3" time="0.081"/>
  <testcase classname="edu.uprm.cse.datastructures.cardealer.APITest" name="test1Get3" time="0.085"/>
  <testcase classname="edu.uprm.cse.datastructures.cardealer.APITest" name="test1GetAll2" time="0.118"/>
  <testcase classname="edu.uprm.cse.datastructures.cardealer.APITest" name="test2Create2" time="0.085"/>
  <testcase classname="edu.uprm.cse.datastructures.cardealer.APITest" name="test2Get2" time="0.112"/>
  <testcase classname="edu.uprm.cse.datastructures.cardealer.APITest" name="test2Update1" time="0.126"/>
  <testcase classname="edu.uprm.cse.datastructures.cardealer.APITest" name="test2CheckUpdate1" time="0.093"/>
  <testcase classname="edu.uprm.cse.datastructures.cardealer.APITest" name="test2GetAll" time="0.089"/>
  <testcase classname="edu.uprm.cse.datastructures.cardealer.APITest" name="test2Create3" time="0.091"/>
  <testcase classname="edu.uprm.cse.datastructures.cardealer.APITest" name="test2Get3" time="0.1"/>
  <testcase classname="edu.uprm.cse.datastructures.cardealer.APITest" name="test2GetAll2" time="0.12"/>
  <testcase classname="edu.uprm.cse.datastructures.cardealer.APITest" name="test2Delete1" time="0.1"/>
  <testcase classname="edu.uprm.cse.datastructures.cardealer.APITest" name="test2CheckDelete1" time="0.105"/>
  <testcase classname="edu.uprm.cse.datastructures.cardealer.APITest" name="test2GetAll3" time="0.138"/>
  <testcase classname="edu.uprm.cse.datastructures.cardealer.APITest" name="test3Delete1" time="0.065"/>
  <testcase classname="edu.uprm.cse.datastructures.cardealer.APITest" name="test3CheckDelete1" time="0.065"/>
  <testcase classname="edu.uprm.cse.datastructures.cardealer.APITest" name="test3CreateAfterDelete1" time="0.07"/>
  <testcase classname="edu.uprm.cse.datastructures.cardealer.APITest" name="test3Create2" time="0.078"/>
  <testcase classname="edu.uprm.cse.datastructures.cardealer.APITest" name="test3Get2" time="0.097"/>
  <testcase classname="edu.uprm.cse.datastructures.cardealer.APITest" name="test3GetAll" time="0.102"/>
  <testcase classname="edu.uprm.cse.datastructures.cardealer.APITest" name="test3Delete2" time="0.11"/>
  <testcase classname="edu.uprm.cse.datastructures.cardealer.APITest" name="test3CheckDelete2" time="0.086"/>
  <testcase classname="edu.uprm.cse.datastructures.cardealer.APITest" name="test3CreateC2" time="0.101"/>
  <testcase classname="edu.uprm.cse.datastructures.cardealer.APITest" name="test3GetC2" time="0.101"/>
  <testcase classname="edu.uprm.cse.datastructures.cardealer.APITest" name="test3GetAll2" time="0.102"/>
</testsuite>